<?xml version="1.0" encoding="UTF-8"?>
<!-- Generated by org.testng.reporters.JUnitXMLReporter -->
<testsuite hostname="DESKTOP-GD3KT6I" ignored="0" name="Default test" tests="6" failures="0" timestamp="2022-04-08T17:15:16 IST" time="42.454" errors="0">
  <testcase name="searchHotel_Validate" time="16.106" classname="com.API.demo.DataValidation_Adaction"/>
  <testcase name="Itinerary_Validate" time="5.256" classname="com.API.demo.DataValidation_Adaction"/>
  <testcase name="Logout_Validate" time="3.663" classname="com.API.demo.DataValidation_Adaction"/>
  <testcase name="bookHotel_Validate" time="4.219" classname="com.API.demo.DataValidation_Adaction"/>
  <testcase name="bookingConfirm_Hotel_Validate" time="3.329" classname="com.API.demo.DataValidation_Adaction"/>
  <testcase name="selectHotel_Validate" time="3.61" classname="com.API.demo.DataValidation_Adaction"/>
</testsuite> <!-- Default test -->
