<?xml version="1.0" encoding="UTF-8"?>
<!-- Generated by org.testng.reporters.JUnitXMLReporter -->
<testsuite hostname="DESKTOP-GD3KT6I" ignored="0" name="Test" tests="5" failures="1" timestamp="2022-04-04T05:39:38 IST" time="1.774" errors="0">
  <testcase name="username" time="0.104" classname="com.testng.features.Retry_Demo"/>
  <testcase name="password" time="0.192" classname="com.testng.features.Retry_Demo">
    <skipped/>
  </testcase> <!-- password -->
  <testcase name="password" time="0.075" classname="com.testng.features.Retry_Demo">
    <skipped/>
  </testcase> <!-- password -->
  <testcase name="password" time="0.504" classname="com.testng.features.Retry_Demo">
    <skipped/>
  </testcase> <!-- password -->
  <testcase name="password" time="0.006" classname="com.testng.features.Retry_Demo">
    <failure type="java.lang.AssertionError" message="expected [Starc] but found [Starc123]">
      <![CDATA[java.lang.AssertionError: expected [Starc] but found [Starc123]
at com.testng.features.Retry_Demo.password(Retry_Demo.java:25)
at java.util.ArrayList.forEach(Unknown Source)
... Removed 33 stack frames]]>
    </failure>
  </testcase> <!-- password -->
</testsuite> <!-- Test -->
