<?xml version="1.0" encoding="UTF-8"?>
<testng-results skipped="0" failed="0" ignored="0" total="6" passed="6">
  <reporter-output>
  </reporter-output>
  <suite name="Default suite" duration-ms="42454" started-at="2022-04-08T17:14:34 IST" finished-at="2022-04-08T17:15:16 IST">
    <groups>
    </groups>
    <test name="Default test" duration-ms="42454" started-at="2022-04-08T17:14:34 IST" finished-at="2022-04-08T17:15:16 IST">
      <class name="com.API.demo.DataValidation_Adaction">
        <test-method status="PASS" signature="data_Validation()[pri:0, instance:com.API.demo.DataValidation_Adaction@365185bd]" name="data_Validation" is-config="true" duration-ms="5799" started-at="2022-04-08T17:14:34 IST" finished-at="2022-04-08T17:14:40 IST">
          <reporter-output>
          </reporter-output>
        </test-method> <!-- data_Validation -->
        <test-method status="PASS" signature="searchHotel_Validate()[pri:-1, instance:com.API.demo.DataValidation_Adaction@365185bd]" name="searchHotel_Validate" duration-ms="16106" started-at="2022-04-08T17:14:40 IST" finished-at="2022-04-08T17:14:56 IST">
          <reporter-output>
          </reporter-output>
        </test-method> <!-- searchHotel_Validate -->
        <test-method status="PASS" signature="Itinerary_Validate()[pri:0, instance:com.API.demo.DataValidation_Adaction@365185bd]" name="Itinerary_Validate" duration-ms="5256" started-at="2022-04-08T17:14:56 IST" finished-at="2022-04-08T17:15:01 IST">
          <reporter-output>
          </reporter-output>
        </test-method> <!-- Itinerary_Validate -->
        <test-method status="PASS" signature="Logout_Validate()[pri:0, instance:com.API.demo.DataValidation_Adaction@365185bd]" name="Logout_Validate" duration-ms="3663" started-at="2022-04-08T17:15:01 IST" finished-at="2022-04-08T17:15:05 IST">
          <reporter-output>
          </reporter-output>
        </test-method> <!-- Logout_Validate -->
        <test-method status="PASS" signature="bookHotel_Validate()[pri:0, instance:com.API.demo.DataValidation_Adaction@365185bd]" name="bookHotel_Validate" duration-ms="4219" started-at="2022-04-08T17:15:05 IST" finished-at="2022-04-08T17:15:09 IST">
          <reporter-output>
          </reporter-output>
        </test-method> <!-- bookHotel_Validate -->
        <test-method status="PASS" signature="bookingConfirm_Hotel_Validate()[pri:0, instance:com.API.demo.DataValidation_Adaction@365185bd]" name="bookingConfirm_Hotel_Validate" duration-ms="3329" started-at="2022-04-08T17:15:09 IST" finished-at="2022-04-08T17:15:12 IST">
          <reporter-output>
          </reporter-output>
        </test-method> <!-- bookingConfirm_Hotel_Validate -->
        <test-method status="PASS" signature="selectHotel_Validate()[pri:0, instance:com.API.demo.DataValidation_Adaction@365185bd]" name="selectHotel_Validate" duration-ms="3610" started-at="2022-04-08T17:15:12 IST" finished-at="2022-04-08T17:15:16 IST">
          <reporter-output>
          </reporter-output>
        </test-method> <!-- selectHotel_Validate -->
      </class> <!-- com.API.demo.DataValidation_Adaction -->
    </test> <!-- Default test -->
  </suite> <!-- Default suite -->
</testng-results>
